<?xml version="1.0" encoding="UTF-8"?>
<!-- Generated by org.testng.reporters.JUnitReportReporter -->
<testsuite hostname="Luminar" failures="0" tests="1" name="testpkg.Checkout_test" time="19.194" errors="0" timestamp="2025-10-14T13:57:09 IST" skipped="0">
  <testcase classname="testpkg.Checkout_test" name="iconclick" time="19.194"/>
</testsuite> <!-- testpkg.Checkout_test -->
