<?xml version="1.0" encoding="UTF-8"?>
<!-- Generated by org.testng.reporters.JUnitReportReporter -->
<testsuite hostname="Luminar" failures="0" tests="1" name="logintest.Product_test" time="0.517" errors="0" timestamp="2025-09-18T16:20:44 IST" skipped="0">
  <testcase classname="logintest.Product_test" name="additemstocart" time="0.517"/>
</testsuite> <!-- logintest.Product_test -->
