<?xml version="1.0" encoding="UTF-8"?>
<!-- Generated by org.testng.reporters.JUnitReportReporter -->
<testsuite hostname="Luminar" failures="0" tests="1" name="testpkg.Product_test" time="0.024" errors="0" timestamp="2025-10-09T12:20:19 IST" skipped="0">
  <testcase classname="testpkg.Product_test" name="additemstocart" time="0.024"/>
</testsuite> <!-- testpkg.Product_test -->
