<?xml version="1.0" encoding="UTF-8"?>
<!-- Generated by org.testng.reporters.JUnitReportReporter -->
<testsuite hostname="Luminar" failures="0" tests="1" name="testpkg.Login_test" time="13.719" errors="0" timestamp="2025-10-16T15:10:31 IST" skipped="0">
  <testcase classname="testpkg.Login_test" name="set" time="13.719"/>
</testsuite> <!-- testpkg.Login_test -->
