<?xml version="1.0" encoding="UTF-8"?>
<!-- Generated by org.testng.reporters.JUnitReportReporter -->
<testsuite hostname="Luminar" failures="0" tests="1" name="testpkg.Product_test" time="2.500" errors="0" timestamp="2025-09-19T14:27:43 IST" skipped="0">
  <testcase classname="testpkg.Product_test" name="additemstocart" time="2.500"/>
</testsuite> <!-- testpkg.Product_test -->
